<?xml version="1.0" encoding="UTF-8"?>
<!-- Generated by org.testng.reporters.JUnitReportReporter -->
<testsuite hostname="RTC-DLLA46" failures="0" tests="2" name="tests.BiDiTests" time="0.634" errors="0" timestamp="2024-12-26T20:19:12 IST" skipped="0">
  <testcase classname="tests.BiDiTests" name="testConsoleLogMonitoring" time="0.147"/>
  <testcase classname="tests.BiDiTests" name="testNetworkMonitoring" time="0.487"/>
</testsuite> <!-- tests.BiDiTests -->
