<?xml version="1.0" encoding="UTF-8"?>
<!-- Generated by org.testng.reporters.JUnitReportReporter -->
<testsuite hostname="RTC-DLLA46" failures="0" tests="1" name="com.example.tests.NetworkInterceptTest" time="3.213" errors="0" timestamp="2024-12-26T21:39:29 IST" skipped="0">
  <testcase classname="com.example.tests.NetworkInterceptTest" name="testNetworkIntercept" time="3.213"/>
  <system-out/>
</testsuite> <!-- com.example.tests.NetworkInterceptTest -->
