<?xml version="1.0" encoding="UTF-8"?>
<!-- Generated by org.testng.reporters.JUnitReportReporter -->
<testsuite hostname="RTC-DLLA46" failures="0" tests="1" name="com.example.tests.JavaScriptExecutionTest" time="2.293" errors="0" timestamp="2024-12-30T17:06:27 IST" skipped="0">
  <testcase classname="com.example.tests.JavaScriptExecutionTest" name="testJavaScriptExecution" time="2.293"/>
  <system-out/>
</testsuite> <!-- com.example.tests.JavaScriptExecutionTest -->
